<?xml version="1.0" encoding="UTF-8"?>
<!-- Generated by org.testng.reporters.JUnitReportReporter -->
<testsuite hostname="DESKTOP-FSHKKEO" name="airlines.helper.LoginHelper" tests="1" failures="0" timestamp="17 Apr 2016 21:00:53 GMT" time="47.608" errors="0">
  <testcase name="testLogin" time="47.608" classname="airlines.helper.LoginHelper"/>
</testsuite> <!-- airlines.helper.LoginHelper -->
