<?xml version="1.0" encoding="UTF-8"?>
<!-- Generated by org.testng.reporters.JUnitReportReporter -->
<testsuite hostname="DESKTOP-FSHKKEO" name="airlines.tests.TestSample" tests="1" failures="0" timestamp="20 Apr 2016 01:29:41 GMT" time="48.406" errors="0">
  <testcase name="BookFlight" time="48.406" classname="airlines.tests.TestSample"/>
</testsuite> <!-- airlines.tests.TestSample -->
